<?xml version='1.0' encoding='UTF-8'?>
<testsuite hostname="Derrick-14in-MBP.local" name="com.massivedatascience.clusterer.MultiKMeansClustererSuite" tests="1" errors="0" failures="0" skipped="0" time="0.015" timestamp="2024-01-15T03:02:56">
          <properties>
      <property name="awt.toolkit" value="sun.lwawt.macosx.LWCToolkit"/><property name="java.specification.version" value="11"/><property name="sun.cpu.isalist" value=""/><property name="sun.jnu.encoding" value="UTF-8"/><property name="sun.arch.data.model" value="64"/><property name="java.vendor.url" value="https://www.microsoft.com"/><property name="sun.boot.library.path" value="/opt/homebrew/Cellar/sdkman-cli/5.18.1/libexec/candidates/java/11.0.21-ms/lib"/><property name="sun.java.command" value="/opt/homebrew/Cellar/sdkman-cli/5.18.1/libexec/candidates/sbt/1.9.3/bin/sbt-launch.jar"/><property name="jdk.debug" value="release"/><property name="java.specification.vendor" value="Oracle Corporation"/><property name="java.version.date" value="2023-10-17"/><property name="java.home" value="/opt/homebrew/Cellar/sdkman-cli/5.18.1/libexec/candidates/java/11.0.21-ms"/><property name="file.separator" value="/"/><property name="java.vm.compressedOopsMode" value="Zero based"/><property name="line.separator" value="
"/><property name="java.specification.name" value="Java Platform API Specification"/><property name="java.vm.specification.vendor" value="Oracle Corporation"/><property name="sun.management.compiler" value="HotSpot 64-Bit Tiered Compilers"/><property name="java.runtime.version" value="11.0.21+9-LTS"/><property name="user.name" value="derrickburns"/><property name="log4j.ignoreTCL" value="true"/><property name="file.encoding" value="UTF-8"/><property name="java.vendor.version" value="Microsoft-8519785"/><property name="java.io.tmpdir" value="/var/folders/jk/11r2c7g57vb9mr9k2lx_j8_80000gn/T/"/><property name="java.version" value="11.0.21"/><property name="java.vm.specification.name" value="Java Virtual Machine Specification"/><property name="java.awt.printerjob" value="sun.lwawt.macosx.CPrinterJob"/><property name="sun.os.patch.level" value="unknown"/><property name="java.library.path" value="/Users/derrickburns/Library/Java/Extensions:/Library/Java/Extensions:/Network/Library/Java/Extensions:/System/Library/Java/Extensions:/usr/lib/java:."/><property name="java.vendor" value="Microsoft"/><property name="java.specification.maintenance.version" value="2"/><property name="scala.ext.dirs" value="/Users/derrickburns/.sbt/1.0/java9-rt-ext-microsoft_11_0_21"/><property name="sun.io.unicode.encoding" value="UnicodeBig"/><property name="socksNonProxyHosts" value="local|*.local|169.254/16|*.169.254/16"/><property name="gopherProxySet" value="false"/><property name="java.class.path" value="/opt/homebrew/Cellar/sdkman-cli/5.18.1/libexec/candidates/sbt/1.9.3/bin/sbt-launch.jar"/><property name="java.vm.vendor" value="Microsoft"/><property name="jline.shutdownhook" value="false"/><property name="user.timezone" value="America/Los_Angeles"/><property name="os.name" value="Mac OS X"/><property name="java.vm.specification.version" value="11"/><property name="jdk.lang.Process.launchMechanism" value="POSIX_SPAWN"/><property name="sun.java.launcher" value="SUN_STANDARD"/><property name="user.country" value="US"/><property name="http.nonProxyHosts" value="local|*.local|169.254/16|*.169.254/16"/><property name="sun.cpu.endian" value="little"/><property name="user.home" value="/Users/derrickburns"/><property name="user.language" value="en"/><property name="sbt.script" value="/opt/homebrew/opt/sdkman-cli/libexec/candidates/sbt/current/bin/sbt"/><property name="sbt.ipcsocket.tmpdir" value="/var/folders/jk/11r2c7g57vb9mr9k2lx_j8_80000gn/T/.sbt48fda20f/ipcsocket"/><property name="swoval.tmpdir" value="/var/folders/jk/11r2c7g57vb9mr9k2lx_j8_80000gn/T/.sbt48fda20f/swoval"/><property name="java.awt.graphicsenv" value="sun.awt.CGraphicsEnvironment"/><property name="jline.esc.timeout" value="0"/><property name="ftp.nonProxyHosts" value="local|*.local|169.254/16|*.169.254/16"/><property name="path.separator" value=":"/><property name="os.version" value="14.2.1"/><property name="jna.nosys" value="true"/><property name="java.runtime.name" value="OpenJDK Runtime Environment"/><property name="java.vm.name" value="OpenJDK 64-Bit Server VM"/><property name="java.vendor.url.bug" value="https://github.com/microsoft/openjdk/issues"/><property name="jetty.git.hash" value="da9a0b30691a45daf90a9f17b5defa2f1434f882"/><property name="user.dir" value="/Users/derrickburns/Documents/GitHub/generalized-kmeans-clustering"/><property name="os.arch" value="aarch64"/><property name="java.vm.info" value="mixed mode"/><property name="java.vm.version" value="11.0.21+9-LTS"/><property name="java.class.version" value="55.0"/>
    </properties>
          <testcase classname="com.massivedatascience.clusterer.MultiKMeansClustererSuite" name="apply method" time="0.015">
                      
                    </testcase>
          <system-out><![CDATA[]]></system-out>
          <system-err><![CDATA[]]></system-err>
        </testsuite>